<?xml version="1.0" encoding="UTF-8"?>
<!-- Generated by org.testng.reporters.JUnitReportReporter -->
<testsuite skipped="0" hostname="LAPTOP-577EBNEK" name="testcases.Search" tests="2" failures="0" timestamp="2021-10-06T08:56:34 IST" time="13.478" errors="0">
  <testcase name="searchEbay" time="13.460" classname="testcases.Search"/>
  <system-out/>
  <testcase name="searchEbay" time="0.018" classname="testcases.Search"/>
  <system-out/>
</testsuite> <!-- testcases.Search -->
